<?xml version="1.0" encoding="UTF-8"?>
<!-- Generated by org.testng.reporters.JUnitReportReporter -->
<testsuite hostname="LAPTOP-4V52DMIG" failures="0" tests="1" name="runner.Runner" time="13.598" errors="0" timestamp="2020-08-26T19:45:14 IST" skipped="0">
  <testcase classname="runner.Runner" name="runScenario" time="13.598"/>
  <system-out/>
</testsuite> <!-- runner.Runner -->
