<?xml version="1.0" encoding="UTF-8"?>
<!-- Generated by org.testng.reporters.JUnitReportReporter -->
<testsuite hostname="LAPTOP-4V52DMIG" failures="0" tests="2" name="tests.LoginTest" time="38.280" errors="0" timestamp="2020-08-26T16:29:39 IST" skipped="0">
  <testcase classname="tests.LoginTest" name="login" time="16.489"/>
  <system-out/>
  <testcase classname="tests.LoginTest" name="login" time="21.791"/>
  <system-out/>
</testsuite> <!-- tests.LoginTest -->
