<?xml version="1.0" encoding="UTF-8"?>
<!-- Generated by org.testng.reporters.JUnitReportReporter -->
<testsuite hostname="LAPTOP-4V52DMIG" failures="0" tests="1" name="tests.ThreeTest" time="0.000" errors="0" timestamp="2020-08-23T21:06:36 IST" skipped="0">
  <testcase classname="tests.ThreeTest" name="testThree" time="0.000"/>
  <system-out/>
</testsuite> <!-- tests.ThreeTest -->
