<?xml version="1.0" encoding="UTF-8"?>
<!-- Generated by org.testng.reporters.JUnitReportReporter -->
<testsuite hostname="LAPTOP-4V52DMIG" failures="0" tests="1" name="runner.Runner" time="14.631" errors="0" timestamp="2020-08-28T18:36:11 IST" skipped="0">
  <testcase classname="runner.Runner" name="runScenario" time="14.631"/>
  <system-out/>
</testsuite> <!-- runner.Runner -->
